# JRE version: OpenJDK Runtime Environment (8.0_202-b03) (build 1.8.0_202-release-1483-b03)
# Java VM: OpenJDK 64-Bit Server VM (25.202-b03 mixed mode windows-amd64 compressed oops)
Heap:
 PSYoungGen      total 251392K, used 54399K [0x00000000e0000000, 0x00000000f2500000, 0x0000000100000000)
  eden space 220672K, 22% used [0x00000000e0000000,0x00000000e314de18,0x00000000ed780000)
  from space 30720K, 12% used [0x00000000ed780000,0x00000000edb51f50,0x00000000ef580000)
  to   space 30720K, 0% used [0x00000000f0700000,0x00000000f0700000,0x00000000f2500000)
 ParOldGen       total 128512K, used 54278K [0x00000000a0000000, 0x00000000a7d80000, 0x00000000e0000000)
  object space 128512K, 42% used [0x00000000a0000000,0x00000000a35019f0,0x00000000a7d80000)
 Metaspace       used 89756K, capacity 93806K, committed 94040K, reserved 1130496K
  class space    used 11738K, capacity 12544K, committed 12632K, reserved 1048576K
GC Heap History (10 events):
Event: 40.577 GC heap before
{Heap before GC invocations=16 (full 3):
 PSYoungGen      total 187904K, used 168448K [0x00000000e0000000, 0x00000000ee580000, 0x0000000100000000)
  eden space 168448K, 100% used [0x00000000e0000000,0x00000000ea480000,0x00000000ea480000)
  from space 19456K, 0% used [0x00000000eb800000,0x00000000eb800000,0x00000000ecb00000)
  to   space 19968K, 0% used [0x00000000ea480000,0x00000000ea480000,0x00000000eb800000)
 ParOldGen       total 128512K, used 29150K [0x00000000a0000000, 0x00000000a7d80000, 0x00000000e0000000)
  object space 128512K, 22% used [0x00000000a0000000,0x00000000a1c77b88,0x00000000a7d80000)
 Metaspace       used 64652K, capacity 66950K, committed 67160K, reserved 1107968K
  class space    used 8744K, capacity 9220K, committed 9304K, reserved 1048576K
Event: 40.596 GC heap after
Heap after GC invocations=16 (full 3):
 PSYoungGen      total 188416K, used 12951K [0x00000000e0000000, 0x00000000eeb00000, 0x0000000100000000)
  eden space 168448K, 0% used [0x00000000e0000000,0x00000000e0000000,0x00000000ea480000)
  from space 19968K, 64% used [0x00000000ea480000,0x00000000eb125da0,0x00000000eb800000)
  to   space 20480K, 0% used [0x00000000ed700000,0x00000000ed700000,0x00000000eeb00000)
 ParOldGen       total 128512K, used 29158K [0x00000000a0000000, 0x00000000a7d80000, 0x00000000e0000000)
  object space 128512K, 22% used [0x00000000a0000000,0x00000000a1c79b88,0x00000000a7d80000)
 Metaspace       used 64652K, capacity 66950K, committed 67160K, reserved 1107968K
  class space    used 8744K, capacity 9220K, committed 9304K, reserved 1048576K
}
Event: 117.509 GC heap before
{Heap before GC invocations=17 (full 3):
 PSYoungGen      total 188416K, used 181399K [0x00000000e0000000, 0x00000000eeb00000, 0x0000000100000000)
  eden space 168448K, 100% used [0x00000000e0000000,0x00000000ea480000,0x00000000ea480000)
  from space 19968K, 64% used [0x00000000ea480000,0x00000000eb125da0,0x00000000eb800000)
  to   space 20480K, 0% used [0x00000000ed700000,0x00000000ed700000,0x00000000eeb00000)
 ParOldGen       total 128512K, used 29158K [0x00000000a0000000, 0x00000000a7d80000, 0x00000000e0000000)
  object space 128512K, 22% used [0x00000000a0000000,0x00000000a1c79b88,0x00000000a7d80000)
 Metaspace       used 72160K, capacity 74994K, committed 75096K, reserved 1114112K
  class space    used 9453K, capacity 10060K, committed 10072K, reserved 1048576K
Event: 117.536 GC heap after
Heap after GC invocations=17 (full 3):
 PSYoungGen      total 214528K, used 20467K [0x00000000e0000000, 0x00000000eec80000, 0x0000000100000000)
  eden space 194048K, 0% used [0x00000000e0000000,0x00000000e0000000,0x00000000ebd80000)
  from space 20480K, 99% used [0x00000000ed700000,0x00000000eeafcf88,0x00000000eeb00000)
  to   space 24064K, 0% used [0x00000000ebd80000,0x00000000ebd80000,0x00000000ed500000)
 ParOldGen       total 128512K, used 30309K [0x00000000a0000000, 0x00000000a7d80000, 0x00000000e0000000)
  object space 128512K, 23% used [0x00000000a0000000,0x00000000a1d99478,0x00000000a7d80000)
 Metaspace       used 72160K, capacity 74994K, committed 75096K, reserved 1114112K
  class space    used 9453K, capacity 10060K, committed 10072K, reserved 1048576K
}
Event: 129.819 GC heap before
{Heap before GC invocations=18 (full 3):
 PSYoungGen      total 214528K, used 214515K [0x00000000e0000000, 0x00000000eec80000, 0x0000000100000000)
  eden space 194048K, 100% used [0x00000000e0000000,0x00000000ebd80000,0x00000000ebd80000)
  from space 20480K, 99% used [0x00000000ed700000,0x00000000eeafcf88,0x00000000eeb00000)
  to   space 24064K, 0% used [0x00000000ebd80000,0x00000000ebd80000,0x00000000ed500000)
 ParOldGen       total 128512K, used 30309K [0x00000000a0000000, 0x00000000a7d80000, 0x00000000e0000000)
  object space 128512K, 23% used [0x00000000a0000000,0x00000000a1d99478,0x00000000a7d80000)
 Metaspace       used 80410K, capacity 83524K, committed 83672K, reserved 1122304K
  class space    used 10519K, capacity 11147K, committed 11224K, reserved 1048576K
Event: 129.924 GC heap after
Heap after GC invocations=18 (full 3):
 PSYoungGen      total 218112K, used 24053K [0x00000000e0000000, 0x00000000f1300000, 0x0000000100000000)
  eden space 194048K, 0% used [0x00000000e0000000,0x00000000e0000000,0x00000000ebd80000)
  from space 24064K, 99% used [0x00000000ebd80000,0x00000000ed4fd650,0x00000000ed500000)
  to   space 30208K, 0% used [0x00000000ef580000,0x00000000ef580000,0x00000000f1300000)
 ParOldGen       total 128512K, used 37811K [0x00000000a0000000, 0x00000000a7d80000, 0x00000000e0000000)
  object space 128512K, 29% used [0x00000000a0000000,0x00000000a24ecc80,0x00000000a7d80000)
 Metaspace       used 80410K, capacity 83524K, committed 83672K, reserved 1122304K
  class space    used 10519K, capacity 11147K, committed 11224K, reserved 1048576K
}
Event: 136.184 GC heap before
{Heap before GC invocations=19 (full 3):
 PSYoungGen      total 218112K, used 218101K [0x00000000e0000000, 0x00000000f1300000, 0x0000000100000000)
  eden space 194048K, 100% used [0x00000000e0000000,0x00000000ebd80000,0x00000000ebd80000)
  from space 24064K, 99% used [0x00000000ebd80000,0x00000000ed4fd650,0x00000000ed500000)
  to   space 30208K, 0% used [0x00000000ef580000,0x00000000ef580000,0x00000000f1300000)
 ParOldGen       total 128512K, used 37811K [0x00000000a0000000, 0x00000000a7d80000, 0x00000000e0000000)
  object space 128512K, 29% used [0x00000000a0000000,0x00000000a24ecc80,0x00000000a7d80000)
 Metaspace       used 86291K, capacity 89982K, committed 90072K, reserved 1128448K
  class space    used 11257K, capacity 11968K, committed 11992K, reserved 1048576K
Event: 136.280 GC heap after
Heap after GC invocations=19 (full 3):
 PSYoungGen      total 250880K, used 18770K [0x00000000e0000000, 0x00000000f1580000, 0x0000000100000000)
  eden space 220672K, 0% used [0x00000000e0000000,0x00000000e0000000,0x00000000ed780000)
  from space 30208K, 62% used [0x00000000ef580000,0x00000000f07d4af8,0x00000000f1300000)
  to   space 30720K, 0% used [0x00000000ed780000,0x00000000ed780000,0x00000000ef580000)
 ParOldGen       total 128512K, used 54262K [0x00000000a0000000, 0x00000000a7d80000, 0x00000000e0000000)
  object space 128512K, 42% used [0x00000000a0000000,0x00000000a34fd9f0,0x00000000a7d80000)
 Metaspace       used 86291K, capacity 89982K, committed 90072K, reserved 1128448K
  class space    used 11257K, capacity 11968K, committed 11992K, reserved 1048576K
}
Event: 148.338 GC heap before
{Heap before GC invocations=20 (full 3):
 PSYoungGen      total 250880K, used 239442K [0x00000000e0000000, 0x00000000f1580000, 0x0000000100000000)
  eden space 220672K, 100% used [0x00000000e0000000,0x00000000ed780000,0x00000000ed780000)
  from space 30208K, 62% used [0x00000000ef580000,0x00000000f07d4af8,0x00000000f1300000)
  to   space 30720K, 0% used [0x00000000ed780000,0x00000000ed780000,0x00000000ef580000)
 ParOldGen       total 128512K, used 54262K [0x00000000a0000000, 0x00000000a7d80000, 0x00000000e0000000)
  object space 128512K, 42% used [0x00000000a0000000,0x00000000a34fd9f0,0x00000000a7d80000)
 Metaspace       used 89337K, capacity 93314K, committed 93400K, reserved 1130496K
  class space    used 11701K, capacity 12474K, committed 12504K, reserved 1048576K
Event: 148.359 GC heap after
Heap after GC invocations=20 (full 3):
 PSYoungGen      total 251392K, used 3911K [0x00000000e0000000, 0x00000000f2500000, 0x0000000100000000)
  eden space 220672K, 0% used [0x00000000e0000000,0x00000000e0000000,0x00000000ed780000)
  from space 30720K, 12% used [0x00000000ed780000,0x00000000edb51f50,0x00000000ef580000)
  to   space 30720K, 0% used [0x00000000f0700000,0x00000000f0700000,0x00000000f2500000)
 ParOldGen       total 128512K, used 54278K [0x00000000a0000000, 0x00000000a7d80000, 0x00000000e0000000)
  object space 128512K, 42% used [0x00000000a0000000,0x00000000a35019f0,0x00000000a7d80000)
 Metaspace       used 89337K, capacity 93314K, committed 93400K, reserved 1130496K
  class space    used 11701K, capacity 12474K, committed 12504K, reserved 1048576K
}

